23:38:14 **** Build of configuration Release for project SHT21_sensor ****
"D:\\projects\\sloeber\\arduinoPlugin\\tools\\make\\make" all 
'Building file: ..\sloeber.ino.cpp'
'Starting C++ compile'
"D:\projects\sloeber\/arduinoPlugin/packages/esp8266/tools/xtensa-lx106-elf-gcc/1.20.0-26-gb404fb9-2/bin/xtensa-lx106-elf-g++" -D__ets__ -DICACHE_FLASH -U__STRICT_ANSI__ "-ID:\projects\sloeber\/arduinoPlugin/packages/esp8266/hardware/esp8266/2.4.0-rc2/tools/sdk/include" "-ID:\projects\sloeber\/arduinoPlugin/packages/esp8266/hardware/esp8266/2.4.0-rc2/tools/sdk/lwip/include" "-ID:\projects\sloeber\/arduinoPlugin/packages/esp8266/hardware/esp8266/2.4.0-rc2/tools/sdk/libc/xtensa-lx106-elf/include" "-ID:/projects/!!!SmartHouse/workspace/SHT21_sensor/Release/core" -c -Wall -Wextra -Os -g -mlongcalls -mtext-section-literals -fno-exceptions -fno-rtti -falign-functions=4 -std=c++11 -ffunction-sections -fdata-sections -DF_CPU=80000000L -DLWIP_OPEN_SRC  -DARDUINO=10802 -DARDUINO_ESP8266_NODEMCU -DARDUINO_ARCH_ESP8266 "-DARDUINO_BOARD=\"ESP8266_NODEMCU\"" -DESP8266  -I"D:\projects\sloeber\arduinoPlugin\packages\esp8266\hardware\esp8266\2.4.0-rc2\cores\esp8266" -I"D:\projects\sloeber\arduinoPlugin\packages\esp8266\hardware\esp8266\2.4.0-rc2\variants\nodemcu" -I"D:\projects\!!!SmartHouse\librarys\TimeTrigger" -I"D:\projects\sloeber\arduinoPlugin\libraries\ArduinoJson\5.12.0" -I"D:\projects\sloeber\arduinoPlugin\libraries\ArduinoJson\5.12.0\src" -I"D:\projects\sloeber\arduinoPlugin\packages\esp8266\hardware\esp8266\2.4.0-rc2\libraries\ESP8266WiFi" -I"D:\projects\sloeber\arduinoPlugin\packages\esp8266\hardware\esp8266\2.4.0-rc2\libraries\ESP8266WiFi\src" -I"D:\projects\sloeber\arduinoPlugin\packages\esp8266\hardware\esp8266\2.4.0-rc2\libraries\Wire" -MMD -MP -MF"sloeber.ino.cpp.d" -MT"sloeber.ino.cpp.o" -D__IN_ECLIPSE__=1 -x c++ "..\sloeber.ino.cpp"  -o  "sloeber.ino.cpp.o"
..\sloeber.ino.cpp:11:20: fatal error: HTU21D.h: No such file or directory
 #include "HTU21D.h"
                    ^
compilation terminated.
subdir.mk:31: recipe for target 'sloeber.ino.cpp.o' failed
make: *** [sloeber.ino.cpp.o] Error 1

23:38:15 Build Finished (took 891ms)

